<?xml version="1.0" encoding="UTF-8"?>
<testsuite xmlns:xsi="http://www.w3.org/2001/XMLSchema-instance" xsi:noNamespaceSchemaLocation="https://maven.apache.org/surefire/maven-surefire-plugin/xsd/surefire-test-report.xsd" name="TestSuite" time="12.751" tests="33" errors="0" skipped="0" failures="1">
  <properties>
    <property name="sun.desktop" value="windows"/>
    <property name="awt.toolkit" value="sun.awt.windows.WToolkit"/>
    <property name="file.encoding.pkg" value="sun.io"/>
    <property name="java.specification.version" value="1.8"/>
    <property name="sun.cpu.isalist" value="amd64"/>
    <property name="sun.jnu.encoding" value="GBK"/>
    <property name="java.class.path" value="D:\工作项目\课代码\api_code_day07\target\test-classes;D:\工作项目\课代码\api_code_day07\target\classes;D:\Program Files\apache-maven-3.6.1\repo\io\rest-assured\rest-assured\4.2.0\rest-assured-4.2.0.jar;D:\Program Files\apache-maven-3.6.1\repo\org\codehaus\groovy\groovy\2.5.8\groovy-2.5.8.jar;D:\Program Files\apache-maven-3.6.1\repo\org\codehaus\groovy\groovy-xml\2.5.8\groovy-xml-2.5.8.jar;D:\Program Files\apache-maven-3.6.1\repo\org\apache\httpcomponents\httpclient\4.5.3\httpclient-4.5.3.jar;D:\Program Files\apache-maven-3.6.1\repo\org\apache\httpcomponents\httpcore\4.4.6\httpcore-4.4.6.jar;D:\Program Files\apache-maven-3.6.1\repo\commons-logging\commons-logging\1.2\commons-logging-1.2.jar;D:\Program Files\apache-maven-3.6.1\repo\commons-codec\commons-codec\1.9\commons-codec-1.9.jar;D:\Program Files\apache-maven-3.6.1\repo\org\apache\httpcomponents\httpmime\4.5.3\httpmime-4.5.3.jar;D:\Program Files\apache-maven-3.6.1\repo\org\hamcrest\hamcrest\2.1\hamcrest-2.1.jar;D:\Program Files\apache-maven-3.6.1\repo\org\ccil\cowan\tagsoup\tagsoup\1.2.1\tagsoup-1.2.1.jar;D:\Program Files\apache-maven-3.6.1\repo\io\rest-assured\json-path\4.2.0\json-path-4.2.0.jar;D:\Program Files\apache-maven-3.6.1\repo\org\codehaus\groovy\groovy-json\2.5.8\groovy-json-2.5.8.jar;D:\Program Files\apache-maven-3.6.1\repo\io\rest-assured\rest-assured-common\4.2.0\rest-assured-common-4.2.0.jar;D:\Program Files\apache-maven-3.6.1\repo\io\rest-assured\xml-path\4.2.0\xml-path-4.2.0.jar;D:\Program Files\apache-maven-3.6.1\repo\jakarta\xml\bind\jakarta.xml.bind-api\2.3.2\jakarta.xml.bind-api-2.3.2.jar;D:\Program Files\apache-maven-3.6.1\repo\jakarta\activation\jakarta.activation-api\1.2.1\jakarta.activation-api-1.2.1.jar;D:\Program Files\apache-maven-3.6.1\repo\com\sun\xml\bind\jaxb-osgi\2.3.0.1\jaxb-osgi-2.3.0.1.jar;D:\Program Files\apache-maven-3.6.1\repo\org\apache\sling\org.apache.sling.javax.activation\0.1.0\org.apache.sling.javax.activation-0.1.0.jar;D:\Program Files\apache-maven-3.6.1\repo\javax\activation\activation\1.1.1\activation-1.1.1.jar;D:\Program Files\apache-maven-3.6.1\repo\org\testng\testng\7.0.0\testng-7.0.0.jar;D:\Program Files\apache-maven-3.6.1\repo\com\beust\jcommander\1.72\jcommander-1.72.jar;D:\Program Files\apache-maven-3.6.1\repo\cn\afterturn\easypoi-annotation\4.2.0\easypoi-annotation-4.2.0.jar;D:\Program Files\apache-maven-3.6.1\repo\cn\afterturn\easypoi-base\4.2.0\easypoi-base-4.2.0.jar;D:\Program Files\apache-maven-3.6.1\repo\org\apache\poi\poi\4.1.1\poi-4.1.1.jar;D:\Program Files\apache-maven-3.6.1\repo\org\apache\commons\commons-collections4\4.4\commons-collections4-4.4.jar;D:\Program Files\apache-maven-3.6.1\repo\org\apache\commons\commons-math3\3.6.1\commons-math3-3.6.1.jar;D:\Program Files\apache-maven-3.6.1\repo\org\apache\poi\poi-ooxml\4.1.1\poi-ooxml-4.1.1.jar;D:\Program Files\apache-maven-3.6.1\repo\org\apache\commons\commons-compress\1.19\commons-compress-1.19.jar;D:\Program Files\apache-maven-3.6.1\repo\com\github\virtuald\curvesapi\1.06\curvesapi-1.06.jar;D:\Program Files\apache-maven-3.6.1\repo\org\apache\poi\poi-ooxml-schemas\4.1.1\poi-ooxml-schemas-4.1.1.jar;D:\Program Files\apache-maven-3.6.1\repo\org\apache\xmlbeans\xmlbeans\3.1.0\xmlbeans-3.1.0.jar;D:\Program Files\apache-maven-3.6.1\repo\com\google\guava\guava\16.0.1\guava-16.0.1.jar;D:\Program Files\apache-maven-3.6.1\repo\org\apache\commons\commons-lang3\3.2.1\commons-lang3-3.2.1.jar;D:\Program Files\apache-maven-3.6.1\repo\ognl\ognl\3.2.6\ognl-3.2.6.jar;D:\Program Files\apache-maven-3.6.1\repo\org\javassist\javassist\3.20.0-GA\javassist-3.20.0-GA.jar;D:\Program Files\apache-maven-3.6.1\repo\org\slf4j\slf4j-api\1.6.1\slf4j-api-1.6.1.jar;D:\Program Files\apache-maven-3.6.1\repo\javax\validation\validation-api\1.1.0.Final\validation-api-1.1.0.Final.jar;D:\Program Files\apache-maven-3.6.1\repo\com\alibaba\fastjson\1.2.58\fastjson-1.2.58.jar;D:\Program Files\apache-maven-3.6.1\repo\mysql\mysql-connector-java\5.1.38\mysql-connector-java-5.1.38.jar;D:\Program Files\apache-maven-3.6.1\repo\commons-dbutils\commons-dbutils\1.6\commons-dbutils-1.6.jar;D:\Program Files\apache-maven-3.6.1\repo\io\qameta\allure\allure-testng\2.12.1\allure-testng-2.12.1.jar;D:\Program Files\apache-maven-3.6.1\repo\io\qameta\allure\allure-java-commons\2.12.1\allure-java-commons-2.12.1.jar;D:\Program Files\apache-maven-3.6.1\repo\io\qameta\allure\allure-model\2.12.1\allure-model-2.12.1.jar;D:\Program Files\apache-maven-3.6.1\repo\com\fasterxml\jackson\core\jackson-databind\2.9.8\jackson-databind-2.9.8.jar;D:\Program Files\apache-maven-3.6.1\repo\com\fasterxml\jackson\core\jackson-annotations\2.9.0\jackson-annotations-2.9.0.jar;D:\Program Files\apache-maven-3.6.1\repo\com\fasterxml\jackson\core\jackson-core\2.9.8\jackson-core-2.9.8.jar;D:\Program Files\apache-maven-3.6.1\repo\org\apache\tika\tika-core\1.20\tika-core-1.20.jar;D:\Program Files\apache-maven-3.6.1\repo\org\jooq\joor-java-8\0.9.10\joor-java-8-0.9.10.jar;"/>
    <property name="java.vm.vendor" value="Oracle Corporation"/>
    <property name="sun.arch.data.model" value="64"/>
    <property name="user.variant" value=""/>
    <property name="java.vendor.url" value="http://java.oracle.com/"/>
    <property name="user.timezone" value="Asia/Shanghai"/>
    <property name="java.vm.specification.version" value="1.8"/>
    <property name="os.name" value="Windows 10"/>
    <property name="user.country" value="CN"/>
    <property name="sun.java.launcher" value="SUN_STANDARD"/>
    <property name="sun.boot.library.path" value="D:\Program Files\Java\jdk1.8.0_231\jre\bin"/>
    <property name="sun.java.command" value="C:\Users\admin\AppData\Local\Temp\surefire4083042827793980329\surefirebooter5710299709492509360.jar C:\Users\admin\AppData\Local\Temp\surefire4083042827793980329 2021-10-13T16-40-50_870-jvmRun1 surefire6185494885074883733tmp surefire_08847136932187734809tmp"/>
    <property name="surefire.test.class.path" value="D:\工作项目\课代码\api_code_day07\target\test-classes;D:\工作项目\课代码\api_code_day07\target\classes;D:\Program Files\apache-maven-3.6.1\repo\io\rest-assured\rest-assured\4.2.0\rest-assured-4.2.0.jar;D:\Program Files\apache-maven-3.6.1\repo\org\codehaus\groovy\groovy\2.5.8\groovy-2.5.8.jar;D:\Program Files\apache-maven-3.6.1\repo\org\codehaus\groovy\groovy-xml\2.5.8\groovy-xml-2.5.8.jar;D:\Program Files\apache-maven-3.6.1\repo\org\apache\httpcomponents\httpclient\4.5.3\httpclient-4.5.3.jar;D:\Program Files\apache-maven-3.6.1\repo\org\apache\httpcomponents\httpcore\4.4.6\httpcore-4.4.6.jar;D:\Program Files\apache-maven-3.6.1\repo\commons-logging\commons-logging\1.2\commons-logging-1.2.jar;D:\Program Files\apache-maven-3.6.1\repo\commons-codec\commons-codec\1.9\commons-codec-1.9.jar;D:\Program Files\apache-maven-3.6.1\repo\org\apache\httpcomponents\httpmime\4.5.3\httpmime-4.5.3.jar;D:\Program Files\apache-maven-3.6.1\repo\org\hamcrest\hamcrest\2.1\hamcrest-2.1.jar;D:\Program Files\apache-maven-3.6.1\repo\org\ccil\cowan\tagsoup\tagsoup\1.2.1\tagsoup-1.2.1.jar;D:\Program Files\apache-maven-3.6.1\repo\io\rest-assured\json-path\4.2.0\json-path-4.2.0.jar;D:\Program Files\apache-maven-3.6.1\repo\org\codehaus\groovy\groovy-json\2.5.8\groovy-json-2.5.8.jar;D:\Program Files\apache-maven-3.6.1\repo\io\rest-assured\rest-assured-common\4.2.0\rest-assured-common-4.2.0.jar;D:\Program Files\apache-maven-3.6.1\repo\io\rest-assured\xml-path\4.2.0\xml-path-4.2.0.jar;D:\Program Files\apache-maven-3.6.1\repo\jakarta\xml\bind\jakarta.xml.bind-api\2.3.2\jakarta.xml.bind-api-2.3.2.jar;D:\Program Files\apache-maven-3.6.1\repo\jakarta\activation\jakarta.activation-api\1.2.1\jakarta.activation-api-1.2.1.jar;D:\Program Files\apache-maven-3.6.1\repo\com\sun\xml\bind\jaxb-osgi\2.3.0.1\jaxb-osgi-2.3.0.1.jar;D:\Program Files\apache-maven-3.6.1\repo\org\apache\sling\org.apache.sling.javax.activation\0.1.0\org.apache.sling.javax.activation-0.1.0.jar;D:\Program Files\apache-maven-3.6.1\repo\javax\activation\activation\1.1.1\activation-1.1.1.jar;D:\Program Files\apache-maven-3.6.1\repo\org\testng\testng\7.0.0\testng-7.0.0.jar;D:\Program Files\apache-maven-3.6.1\repo\com\beust\jcommander\1.72\jcommander-1.72.jar;D:\Program Files\apache-maven-3.6.1\repo\cn\afterturn\easypoi-annotation\4.2.0\easypoi-annotation-4.2.0.jar;D:\Program Files\apache-maven-3.6.1\repo\cn\afterturn\easypoi-base\4.2.0\easypoi-base-4.2.0.jar;D:\Program Files\apache-maven-3.6.1\repo\org\apache\poi\poi\4.1.1\poi-4.1.1.jar;D:\Program Files\apache-maven-3.6.1\repo\org\apache\commons\commons-collections4\4.4\commons-collections4-4.4.jar;D:\Program Files\apache-maven-3.6.1\repo\org\apache\commons\commons-math3\3.6.1\commons-math3-3.6.1.jar;D:\Program Files\apache-maven-3.6.1\repo\org\apache\poi\poi-ooxml\4.1.1\poi-ooxml-4.1.1.jar;D:\Program Files\apache-maven-3.6.1\repo\org\apache\commons\commons-compress\1.19\commons-compress-1.19.jar;D:\Program Files\apache-maven-3.6.1\repo\com\github\virtuald\curvesapi\1.06\curvesapi-1.06.jar;D:\Program Files\apache-maven-3.6.1\repo\org\apache\poi\poi-ooxml-schemas\4.1.1\poi-ooxml-schemas-4.1.1.jar;D:\Program Files\apache-maven-3.6.1\repo\org\apache\xmlbeans\xmlbeans\3.1.0\xmlbeans-3.1.0.jar;D:\Program Files\apache-maven-3.6.1\repo\com\google\guava\guava\16.0.1\guava-16.0.1.jar;D:\Program Files\apache-maven-3.6.1\repo\org\apache\commons\commons-lang3\3.2.1\commons-lang3-3.2.1.jar;D:\Program Files\apache-maven-3.6.1\repo\ognl\ognl\3.2.6\ognl-3.2.6.jar;D:\Program Files\apache-maven-3.6.1\repo\org\javassist\javassist\3.20.0-GA\javassist-3.20.0-GA.jar;D:\Program Files\apache-maven-3.6.1\repo\org\slf4j\slf4j-api\1.6.1\slf4j-api-1.6.1.jar;D:\Program Files\apache-maven-3.6.1\repo\javax\validation\validation-api\1.1.0.Final\validation-api-1.1.0.Final.jar;D:\Program Files\apache-maven-3.6.1\repo\com\alibaba\fastjson\1.2.58\fastjson-1.2.58.jar;D:\Program Files\apache-maven-3.6.1\repo\mysql\mysql-connector-java\5.1.38\mysql-connector-java-5.1.38.jar;D:\Program Files\apache-maven-3.6.1\repo\commons-dbutils\commons-dbutils\1.6\commons-dbutils-1.6.jar;D:\Program Files\apache-maven-3.6.1\repo\io\qameta\allure\allure-testng\2.12.1\allure-testng-2.12.1.jar;D:\Program Files\apache-maven-3.6.1\repo\io\qameta\allure\allure-java-commons\2.12.1\allure-java-commons-2.12.1.jar;D:\Program Files\apache-maven-3.6.1\repo\io\qameta\allure\allure-model\2.12.1\allure-model-2.12.1.jar;D:\Program Files\apache-maven-3.6.1\repo\com\fasterxml\jackson\core\jackson-databind\2.9.8\jackson-databind-2.9.8.jar;D:\Program Files\apache-maven-3.6.1\repo\com\fasterxml\jackson\core\jackson-annotations\2.9.0\jackson-annotations-2.9.0.jar;D:\Program Files\apache-maven-3.6.1\repo\com\fasterxml\jackson\core\jackson-core\2.9.8\jackson-core-2.9.8.jar;D:\Program Files\apache-maven-3.6.1\repo\org\apache\tika\tika-core\1.20\tika-core-1.20.jar;D:\Program Files\apache-maven-3.6.1\repo\org\jooq\joor-java-8\0.9.10\joor-java-8-0.9.10.jar;"/>
    <property name="sun.cpu.endian" value="little"/>
    <property name="allure.results.directory" value="D:\工作项目\课代码\api_code_day07\target/allure-results"/>
    <property name="user.home" value="C:\Users\admin"/>
    <property name="user.language" value="zh"/>
    <property name="java.specification.vendor" value="Oracle Corporation"/>
    <property name="java.home" value="D:\Program Files\Java\jdk1.8.0_231\jre"/>
    <property name="basedir" value="D:\工作项目\课代码\api_code_day07"/>
    <property name="file.separator" value="\"/>
    <property name="line.separator" value="&#10;"/>
    <property name="java.vm.specification.vendor" value="Oracle Corporation"/>
    <property name="java.specification.name" value="Java Platform API Specification"/>
    <property name="java.awt.graphicsenv" value="sun.awt.Win32GraphicsEnvironment"/>
    <property name="surefire.real.class.path" value="C:\Users\admin\AppData\Local\Temp\surefire4083042827793980329\surefirebooter5710299709492509360.jar;D:\Program Files\apache-maven-3.6.1\repo/org/aspectj/aspectjweaver/1.8.10/aspectjweaver-1.8.10.jar"/>
    <property name="sun.boot.class.path" value="D:\Program Files\Java\jdk1.8.0_231\jre\lib\resources.jar;D:\Program Files\Java\jdk1.8.0_231\jre\lib\rt.jar;D:\Program Files\Java\jdk1.8.0_231\jre\lib\sunrsasign.jar;D:\Program Files\Java\jdk1.8.0_231\jre\lib\jsse.jar;D:\Program Files\Java\jdk1.8.0_231\jre\lib\jce.jar;D:\Program Files\Java\jdk1.8.0_231\jre\lib\charsets.jar;D:\Program Files\Java\jdk1.8.0_231\jre\lib\jfr.jar;D:\Program Files\Java\jdk1.8.0_231\jre\classes"/>
    <property name="user.script" value=""/>
    <property name="sun.management.compiler" value="HotSpot 64-Bit Tiered Compilers"/>
    <property name="java.runtime.version" value="1.8.0_231-b11"/>
    <property name="user.name" value="admin"/>
    <property name="path.separator" value=";"/>
    <property name="os.version" value="10.0"/>
    <property name="java.endorsed.dirs" value="D:\Program Files\Java\jdk1.8.0_231\jre\lib\endorsed"/>
    <property name="java.runtime.name" value="Java(TM) SE Runtime Environment"/>
    <property name="file.encoding" value="UTF-8"/>
    <property name="java.vm.name" value="Java HotSpot(TM) 64-Bit Server VM"/>
    <property name="idea.version2020.1" value="true"/>
    <property name="localRepository" value="D:\Program Files\apache-maven-3.6.1\repo"/>
    <property name="java.vendor.url.bug" value="http://bugreport.sun.com/bugreport/"/>
    <property name="java.io.tmpdir" value="C:\Users\admin\AppData\Local\Temp\"/>
    <property name="java.version" value="1.8.0_231"/>
    <property name="user.dir" value="D:\工作项目\课代码\api_code_day07"/>
    <property name="os.arch" value="amd64"/>
    <property name="java.vm.specification.name" value="Java Virtual Machine Specification"/>
    <property name="java.awt.printerjob" value="sun.awt.windows.WPrinterJob"/>
    <property name="sun.os.patch.level" value=""/>
    <property name="java.library.path" value="D:\Program Files\Java\jdk1.8.0_231\jre\bin;C:\WINDOWS\Sun\Java\bin;C:\WINDOWS\system32;C:\WINDOWS;C:\Program Files (x86)\Common Files\NetSarang;D:\Program Files\Java\jdk1.8.0_231\bin;C:\Program Files (x86)\Common Files\Oracle\Java\javapath;C:\ProgramData\Oracle\Java\javapath;C:\Program Files\MySQL\MySQL Server 8.0\bin;C:\WINDOWS\system32;C:\WINDOWS;C:\WINDOWS\System32\Wbem;C:\WINDOWS\System32\WindowsPowerShell\v1.0\;C:\WINDOWS\System32\OpenSSH\;D:\Program Files\apache-maven-3.6.1\bin;D:\软件\Git\cmd;C:\Users\admin\AppData\Local\Microsoft\WindowsApps;;C:\Users\admin\AppData\Local\Programs\Fiddler;%USERPROFILE%\AppData\Local\Microsoft\WindowsApps;."/>
    <property name="java.vm.info" value="mixed mode"/>
    <property name="java.vendor" value="Oracle Corporation"/>
    <property name="java.vm.version" value="25.231-b11"/>
    <property name="java.ext.dirs" value="D:\Program Files\Java\jdk1.8.0_231\jre\lib\ext;C:\WINDOWS\Sun\Java\lib\ext"/>
    <property name="sun.io.unicode.encoding" value="UnicodeLittle"/>
    <property name="java.class.version" value="52.0"/>
  </properties>
  <testcase name="register" classname="com.lemon.testcases.RegisterTest" time="2.022">
    <failure message="expected [1] but found [0]" type="java.lang.AssertionError">java.lang.AssertionError: expected [1] but found [0]
	at com.lemon.testcases.RegisterTest.register(RegisterTest.java:50)
</failure>
    <system-err><![CDATA[SLF4J: Failed to load class "org.slf4j.impl.StaticLoggerBinder".
SLF4J: Defaulting to no-operation (NOP) logger implementation
SLF4J: See http://www.slf4j.org/codes.html#StaticLoggerBinder for further details.
]]></system-err>
  </testcase>
  <testcase name="register" classname="com.lemon.testcases.RegisterTest" time="0.257"/>
  <testcase name="register" classname="com.lemon.testcases.RegisterTest" time="0.28"/>
  <testcase name="register" classname="com.lemon.testcases.RegisterTest" time="0.17"/>
  <testcase name="register" classname="com.lemon.testcases.RegisterTest" time="0.189"/>
  <testcase name="register" classname="com.lemon.testcases.RegisterTest" time="0.205"/>
  <testcase name="register" classname="com.lemon.testcases.RegisterTest" time="0.293"/>
  <testcase name="register" classname="com.lemon.testcases.RegisterTest" time="0.33"/>
  <testcase name="register" classname="com.lemon.testcases.RegisterTest" time="0.388"/>
  <testcase name="register" classname="com.lemon.testcases.RegisterTest" time="0.093"/>
  <testcase name="register" classname="com.lemon.testcases.RegisterTest" time="0.088"/>
  <testcase name="register" classname="com.lemon.testcases.RegisterTest" time="0.099"/>
  <testcase name="register" classname="com.lemon.testcases.RegisterTest" time="0.1"/>
  <testcase name="register" classname="com.lemon.testcases.RegisterTest" time="0.091"/>
  <testcase name="login" classname="com.lemon.testcases.LoginTest" time="0.254"/>
  <testcase name="login" classname="com.lemon.testcases.LoginTest" time="0.095"/>
  <testcase name="login" classname="com.lemon.testcases.LoginTest" time="0.09"/>
  <testcase name="login" classname="com.lemon.testcases.LoginTest" time="0.089"/>
  <testcase name="login" classname="com.lemon.testcases.LoginTest" time="0.094"/>
  <testcase name="login" classname="com.lemon.testcases.LoginTest" time="0.088"/>
  <testcase name="login" classname="com.lemon.testcases.LoginTest" time="0.225"/>
  <testcase name="login" classname="com.lemon.testcases.LoginTest" time="0.089"/>
  <testcase name="login" classname="com.lemon.testcases.LoginTest" time="0.093"/>
  <testcase name="login" classname="com.lemon.testcases.LoginTest" time="0.23"/>
  <testcase name="login" classname="com.lemon.testcases.LoginTest" time="0.261"/>
  <testcase name="login" classname="com.lemon.testcases.LoginTest" time="0.222"/>
  <testcase name="login" classname="com.lemon.testcases.LoginTest" time="0.226"/>
  <testcase name="user_info" classname="com.lemon.testcases.GetUserInfoTest" time="0.216"/>
  <testcase name="user_info" classname="com.lemon.testcases.GetUserInfoTest" time="0.219"/>
  <testcase name="user_info" classname="com.lemon.testcases.GetUserInfoTest" time="0.097"/>
  <testcase name="investFlow" classname="com.lemon.testcases.InvestFlowTest" time="0.226"/>
  <testcase name="investFlow" classname="com.lemon.testcases.InvestFlowTest" time="0.086"/>
  <testcase name="investFlow" classname="com.lemon.testcases.InvestFlowTest" time="0.073"/>
</testsuite>