<?xml version="1.0" encoding="UTF-8"?>
<!-- Generated by org.testng.reporters.JUnitReportReporter -->
<testsuite skipped="0" hostname="DESKTOP-O6T0DV2" name="com.lemon.testcases.InvestFlowTest" tests="3" failures="0" timestamp="2021-10-13T16:41:07 CST" time="0.386" errors="0">
  <testcase name="investFlow" time="0.087" classname="com.lemon.testcases.InvestFlowTest"/>
  <testcase name="investFlow" time="0.225" classname="com.lemon.testcases.InvestFlowTest"/>
  <testcase name="investFlow" time="0.074" classname="com.lemon.testcases.InvestFlowTest"/>
</testsuite> <!-- com.lemon.testcases.InvestFlowTest -->
