<?xml version="1.0" encoding="UTF-8"?>
<!-- Generated by org.testng.reporters.JUnitReportReporter -->
<testsuite skipped="0" hostname="DESKTOP-O6T0DV2" name="com.lemon.testcases.LoginTest" tests="13" failures="0" timestamp="2021-10-13T16:41:07 CST" time="2.059" errors="0">
  <testcase name="login" time="0.089" classname="com.lemon.testcases.LoginTest"/>
  <testcase name="login" time="0.226" classname="com.lemon.testcases.LoginTest"/>
  <testcase name="login" time="0.094" classname="com.lemon.testcases.LoginTest"/>
  <testcase name="login" time="0.090" classname="com.lemon.testcases.LoginTest"/>
  <testcase name="login" time="0.231" classname="com.lemon.testcases.LoginTest"/>
  <testcase name="login" time="0.254" classname="com.lemon.testcases.LoginTest"/>
  <testcase name="login" time="0.093" classname="com.lemon.testcases.LoginTest"/>
  <testcase name="login" time="0.222" classname="com.lemon.testcases.LoginTest"/>
  <testcase name="login" time="0.262" classname="com.lemon.testcases.LoginTest"/>
  <testcase name="login" time="0.095" classname="com.lemon.testcases.LoginTest"/>
  <testcase name="login" time="0.089" classname="com.lemon.testcases.LoginTest"/>
  <testcase name="login" time="0.225" classname="com.lemon.testcases.LoginTest"/>
  <testcase name="login" time="0.089" classname="com.lemon.testcases.LoginTest"/>
</testsuite> <!-- com.lemon.testcases.LoginTest -->
