<?xml version="1.0" encoding="UTF-8"?>
<!-- Generated by org.testng.reporters.JUnitReportReporter -->
<testsuite skipped="0" hostname="DESKTOP-O6T0DV2" name="com.lemon.testcases.GetUserInfoTest" tests="3" failures="0" timestamp="2021-10-13T16:41:07 CST" time="0.533" errors="0">
  <testcase name="user_info" time="0.219" classname="com.lemon.testcases.GetUserInfoTest"/>
  <testcase name="user_info" time="0.217" classname="com.lemon.testcases.GetUserInfoTest"/>
  <testcase name="user_info" time="0.097" classname="com.lemon.testcases.GetUserInfoTest"/>
</testsuite> <!-- com.lemon.testcases.GetUserInfoTest -->
